<?xml version="1.0" encoding="UTF-8"?>
<!-- Generated by org.testng.reporters.JUnitReportReporter -->
<testsuite hostname="LAPTOP-4IBD932O" failures="0" tests="1" name="com.app.TestCases.AppTest" time="9.845" errors="0" timestamp="2021-06-12T22:10:25 IST" skipped="0">
  <testcase classname="com.app.TestCases.AppTest" name="verifytest" time="9.845"/>
  <system-out/>
</testsuite> <!-- com.app.TestCases.AppTest -->
