<?xml version="1.0" encoding="UTF-8"?>
<!-- Generated by org.testng.reporters.JUnitReportReporter -->
<testsuite hostname="LAPTOP-4IBD932O" failures="0" tests="1" name="com.app.TestCases.AppLoginTest" time="0.009" errors="0" timestamp="2021-07-12T19:07:40 IST" skipped="0">
  <testcase classname="com.app.TestCases.AppLoginTest" name="verifytest" time="0.009"/>
  <system-out/>
</testsuite> <!-- com.app.TestCases.AppLoginTest -->
